[ 2025-06-19 09:46:39,063 ] 1025 httpx - INFO - HTTP Request: GET https://dagshub.com/api/v1/user "HTTP/1.1 200 OK"
[ 2025-06-19 09:46:39,068 ] 107 dagshub - INFO - Accessing as forcoding247
[ 2025-06-19 09:46:39,448 ] 1025 httpx - INFO - HTTP Request: GET https://dagshub.com/api/v1/repos/forcoding247/Network-Secutiry "HTTP/1.1 200 OK"
[ 2025-06-19 09:46:39,818 ] 1025 httpx - INFO - HTTP Request: GET https://dagshub.com/api/v1/user "HTTP/1.1 200 OK"
[ 2025-06-19 09:46:39,818 ] 107 dagshub - INFO - Initialized MLflow to track repo "forcoding247/Network-Secutiry"
[ 2025-06-19 09:46:39,818 ] 107 dagshub - INFO - Repository forcoding247/Network-Secutiry initialized!
[ 2025-06-19 09:46:39,818 ] 22 root - INFO - Initiate the data ingestion
[ 2025-06-19 09:46:41,911 ] 67 root - INFO - performed Train Test split on datafram
[ 2025-06-19 09:46:41,911 ] 69 root - INFO - Exited split_data_as_train_test method of Data_Ingestion Class
[ 2025-06-19 09:46:41,911 ] 74 root - INFO - Exporting train and test file path.
[ 2025-06-19 09:46:41,948 ] 82 root - INFO - Exported train and test file path.
[ 2025-06-19 09:46:41,948 ] 24 root - INFO - Data Ingestion Completed
[ 2025-06-19 09:46:41,948 ] 30 root - INFO - Initiate the data validation
[ 2025-06-19 09:46:42,048 ] 39 root - INFO - Required Number of Columns:2
[ 2025-06-19 09:46:42,048 ] 40 root - INFO - DataFrame has columns 31
[ 2025-06-19 09:46:42,048 ] 39 root - INFO - Required Number of Columns:2
[ 2025-06-19 09:46:42,048 ] 40 root - INFO - DataFrame has columns 31
[ 2025-06-19 09:46:42,266 ] 32 root - INFO - Data validation Completed
[ 2025-06-19 09:46:42,266 ] 38 root - INFO - Initiate the Data transformation
[ 2025-06-19 09:46:42,266 ] 64 root - INFO - Entered initiate_data_transformation method of DataTransformation Class
[ 2025-06-19 09:46:42,266 ] 66 root - INFO - Data Transformation Started.
[ 2025-06-19 09:46:42,284 ] 49 root - INFO - Entered get_data_transformer_object method of DataTransformation Class
[ 2025-06-19 09:46:42,284 ] 54 root - INFO - Finalize imputer with {'missing_values': nan, 'n_neighbors': 3, 'weights': 'uniform'}
[ 2025-06-19 09:46:42,299 ] 47 root - INFO - Entered the save utils methods of MainUtils class
[ 2025-06-19 09:46:42,301 ] 51 root - INFO - Exited the save utils methods of MainUtils class
[ 2025-06-19 09:46:42,301 ] 40 root - INFO - Data Transformation Completed
[ 2025-06-19 09:46:42,302 ] 44 root - INFO - Model Training Started...
[ 2025-06-19 09:51:40,378 ] 47 root - INFO - Entered the save utils methods of MainUtils class
[ 2025-06-19 09:51:40,401 ] 51 root - INFO - Exited the save utils methods of MainUtils class
[ 2025-06-19 09:51:40,401 ] 135 root - INFO - Model Trainer Artifact ModelTrainerArtifact(trained_model_file_path='Artifacts\\06_19_2025_09_46_36\\model_trainer\\trainer_model\\model.pkl', train_metric_artifact=ClassificationMetricArtifact(f1_score=0.9904647194620094, precision_score=0.9875900720576462, recall_score=0.9933561505939199), test_metric_artifact=ClassificationMetricArtifact(f1_score=0.9781879194630873, precision_score=0.9765494137353434, recall_score=0.9798319327731092))
[ 2025-06-19 09:51:40,408 ] 50 root - INFO - Model Training Artifact Created
