[ 2025-06-19 10:06:25,650 ] 1025 httpx - INFO - HTTP Request: GET https://dagshub.com/api/v1/user "HTTP/1.1 200 OK"
[ 2025-06-19 10:06:25,659 ] 107 dagshub - INFO - Accessing as forcoding247
[ 2025-06-19 10:06:26,045 ] 1025 httpx - INFO - HTTP Request: GET https://dagshub.com/api/v1/repos/forcoding247/Network-Secutiry "HTTP/1.1 200 OK"
[ 2025-06-19 10:06:26,412 ] 1025 httpx - INFO - HTTP Request: GET https://dagshub.com/api/v1/user "HTTP/1.1 200 OK"
[ 2025-06-19 10:06:26,412 ] 107 dagshub - INFO - Initialized MLflow to track repo "forcoding247/Network-Secutiry"
[ 2025-06-19 10:06:26,412 ] 107 dagshub - INFO - Repository forcoding247/Network-Secutiry initialized!
[ 2025-06-19 10:06:26,412 ] 22 root - INFO - Initiate the data ingestion
[ 2025-06-19 10:06:28,239 ] 67 root - INFO - performed Train Test split on datafram
[ 2025-06-19 10:06:28,239 ] 69 root - INFO - Exited split_data_as_train_test method of Data_Ingestion Class
[ 2025-06-19 10:06:28,239 ] 74 root - INFO - Exporting train and test file path.
[ 2025-06-19 10:06:28,287 ] 82 root - INFO - Exported train and test file path.
[ 2025-06-19 10:06:28,287 ] 24 root - INFO - Data Ingestion Completed
[ 2025-06-19 10:06:28,287 ] 30 root - INFO - Initiate the data validation
[ 2025-06-19 10:06:28,391 ] 39 root - INFO - Required Number of Columns:2
[ 2025-06-19 10:06:28,391 ] 40 root - INFO - DataFrame has columns 31
[ 2025-06-19 10:06:28,391 ] 39 root - INFO - Required Number of Columns:2
[ 2025-06-19 10:06:28,391 ] 40 root - INFO - DataFrame has columns 31
[ 2025-06-19 10:06:28,536 ] 32 root - INFO - Data validation Completed
[ 2025-06-19 10:06:28,536 ] 38 root - INFO - Initiate the Data transformation
[ 2025-06-19 10:06:28,536 ] 64 root - INFO - Entered initiate_data_transformation method of DataTransformation Class
[ 2025-06-19 10:06:28,536 ] 66 root - INFO - Data Transformation Started.
[ 2025-06-19 10:06:28,569 ] 49 root - INFO - Entered get_data_transformer_object method of DataTransformation Class
[ 2025-06-19 10:06:28,569 ] 54 root - INFO - Finalize imputer with {'missing_values': nan, 'n_neighbors': 3, 'weights': 'uniform'}
[ 2025-06-19 10:06:28,578 ] 47 root - INFO - Entered the save utils methods of MainUtils class
[ 2025-06-19 10:06:28,578 ] 51 root - INFO - Exited the save utils methods of MainUtils class
[ 2025-06-19 10:06:28,578 ] 47 root - INFO - Entered the save utils methods of MainUtils class
[ 2025-06-19 10:06:28,587 ] 51 root - INFO - Exited the save utils methods of MainUtils class
[ 2025-06-19 10:06:28,587 ] 40 root - INFO - Data Transformation Completed
[ 2025-06-19 10:06:28,587 ] 44 root - INFO - Model Training Started...
[ 2025-06-19 10:10:20,430 ] 47 root - INFO - Entered the save utils methods of MainUtils class
[ 2025-06-19 10:10:20,454 ] 51 root - INFO - Exited the save utils methods of MainUtils class
[ 2025-06-19 10:10:20,454 ] 47 root - INFO - Entered the save utils methods of MainUtils class
[ 2025-06-19 10:10:20,468 ] 51 root - INFO - Exited the save utils methods of MainUtils class
[ 2025-06-19 10:10:20,468 ] 137 root - INFO - Model Trainer Artifact ModelTrainerArtifact(trained_model_file_path='Artifacts\\06_19_2025_10_06_22\\model_trainer\\trainer_model\\model.pkl', train_metric_artifact=ClassificationMetricArtifact(f1_score=0.9916119252147549, precision_score=0.9889135254988913, recall_score=0.9943250912038913), test_metric_artifact=ClassificationMetricArtifact(f1_score=0.9768198454656364, precision_score=0.9716828478964401, recall_score=0.982011447260834))
[ 2025-06-19 10:10:20,471 ] 50 root - INFO - Model Training Artifact Created
