[ 2025-06-19 09:41:29,729 ] 1025 httpx - INFO - HTTP Request: GET https://dagshub.com/api/v1/user "HTTP/1.1 200 OK"
[ 2025-06-19 09:41:29,729 ] 107 dagshub - INFO - Accessing as forcoding247
[ 2025-06-19 09:41:30,098 ] 1025 httpx - INFO - HTTP Request: GET https://dagshub.com/api/v1/repos/forcoding247/Network-Secutiry "HTTP/1.1 200 OK"
[ 2025-06-19 09:41:30,448 ] 1025 httpx - INFO - HTTP Request: GET https://dagshub.com/api/v1/user "HTTP/1.1 200 OK"
[ 2025-06-19 09:41:30,453 ] 107 dagshub - INFO - Initialized MLflow to track repo "forcoding247/Network-Secutiry"
[ 2025-06-19 09:41:30,454 ] 107 dagshub - INFO - Repository forcoding247/Network-Secutiry initialized!
[ 2025-06-19 09:41:30,454 ] 22 root - INFO - Initiate the data ingestion
[ 2025-06-19 09:41:32,631 ] 67 root - INFO - performed Train Test split on datafram
[ 2025-06-19 09:41:32,631 ] 69 root - INFO - Exited split_data_as_train_test method of Data_Ingestion Class
[ 2025-06-19 09:41:32,638 ] 74 root - INFO - Exporting train and test file path.
[ 2025-06-19 09:41:32,690 ] 82 root - INFO - Exported train and test file path.
[ 2025-06-19 09:41:32,690 ] 24 root - INFO - Data Ingestion Completed
[ 2025-06-19 09:41:32,697 ] 30 root - INFO - Initiate the data validation
[ 2025-06-19 09:41:32,792 ] 39 root - INFO - Required Number of Columns:2
[ 2025-06-19 09:41:32,792 ] 40 root - INFO - DataFrame has columns 31
[ 2025-06-19 09:41:32,792 ] 39 root - INFO - Required Number of Columns:2
[ 2025-06-19 09:41:32,792 ] 40 root - INFO - DataFrame has columns 31
[ 2025-06-19 09:41:32,938 ] 32 root - INFO - Data validation Completed
[ 2025-06-19 09:41:32,938 ] 38 root - INFO - Initiate the Data transformation
[ 2025-06-19 09:41:32,938 ] 64 root - INFO - Entered initiate_data_transformation method of DataTransformation Class
[ 2025-06-19 09:41:32,938 ] 66 root - INFO - Data Transformation Started.
[ 2025-06-19 09:41:32,958 ] 49 root - INFO - Entered get_data_transformer_object method of DataTransformation Class
[ 2025-06-19 09:41:32,958 ] 54 root - INFO - Finalize imputer with {'missing_values': nan, 'n_neighbors': 3, 'weights': 'uniform'}
[ 2025-06-19 09:41:32,968 ] 47 root - INFO - Entered the save utils methods of MainUtils class
[ 2025-06-19 09:41:32,973 ] 51 root - INFO - Exited the save utils methods of MainUtils class
[ 2025-06-19 09:41:32,973 ] 40 root - INFO - Data Transformation Completed
[ 2025-06-19 09:41:32,973 ] 44 root - INFO - Model Training Started...
